0 info it worked if it ends with ok
1 verbose cli [ 'node',
1 verbose cli   '/Users/michael/.nvm/versions/node/v0.12.7/bin/npm',
1 verbose cli   'install',
1 verbose cli   '--save-dev',
1 verbose cli   'transform-es2015-modules-commonjs' ]
2 info using npm@2.14.2
3 info using node@v0.12.7
4 verbose install initial load of /Users/michael/Projects/fullySick/package.json
5 warn package.json opentok-ui@0.0.1 No README data
6 warn package.json opentok-ui@0.0.1 license should be a valid SPDX license expression
7 verbose installManyTop reading scoped package data from /Users/michael/Projects/fullySick/node_modules/babel-core/package.json
8 verbose installManyTop reading scoped package data from /Users/michael/Projects/fullySick/node_modules/babel-loader/package.json
9 verbose installManyTop reading scoped package data from /Users/michael/Projects/fullySick/node_modules/babel-preset-es2015/package.json
10 verbose installManyTop reading scoped package data from /Users/michael/Projects/fullySick/node_modules/eslint/package.json
11 verbose installManyTop reading scoped package data from /Users/michael/Projects/fullySick/node_modules/eslint-config-airbnb/package.json
12 verbose installManyTop reading scoped package data from /Users/michael/Projects/fullySick/node_modules/gulp/package.json
13 verbose installManyTop reading scoped package data from /Users/michael/Projects/fullySick/node_modules/json-loader/package.json
14 verbose installManyTop reading scoped package data from /Users/michael/Projects/fullySick/node_modules/ng-annotate-loader/package.json
15 verbose installManyTop reading scoped package data from /Users/michael/Projects/fullySick/node_modules/opentok/package.json
16 verbose installManyTop reading scoped package data from /Users/michael/Projects/fullySick/node_modules/react/package.json
17 verbose installManyTop reading scoped package data from /Users/michael/Projects/fullySick/node_modules/webpack/package.json
18 verbose installManyTop reading scoped package data from /Users/michael/Projects/fullySick/node_modules/webpack-dev-server/package.json
19 verbose readDependencies loading dependencies from /Users/michael/Projects/fullySick/package.json
20 silly cache add args [ 'transform-es2015-modules-commonjs', null ]
21 verbose cache add spec transform-es2015-modules-commonjs
22 silly cache add parsed spec { raw: 'transform-es2015-modules-commonjs',
22 silly cache add   scope: null,
22 silly cache add   name: 'transform-es2015-modules-commonjs',
22 silly cache add   rawSpec: '',
22 silly cache add   spec: '*',
22 silly cache add   type: 'range' }
23 silly addNamed transform-es2015-modules-commonjs@*
24 verbose addNamed "*" is a valid semver range for transform-es2015-modules-commonjs
25 silly addNameRange { name: 'transform-es2015-modules-commonjs',
25 silly addNameRange   range: '*',
25 silly addNameRange   hasData: false }
26 silly mapToRegistry name transform-es2015-modules-commonjs
27 silly mapToRegistry using default registry
28 silly mapToRegistry registry https://registry.npmjs.org/
29 silly mapToRegistry uri https://registry.npmjs.org/transform-es2015-modules-commonjs
30 verbose addNameRange registry:https://registry.npmjs.org/transform-es2015-modules-commonjs not in flight; fetching
31 verbose request uri https://registry.npmjs.org/transform-es2015-modules-commonjs
32 verbose request no auth needed
33 info attempt registry request try #1 at 10:21:29 AM
34 verbose request using bearer token for auth
35 verbose request id f751a7e72aba2dca
36 http request GET https://registry.npmjs.org/transform-es2015-modules-commonjs
37 http 404 https://registry.npmjs.org/transform-es2015-modules-commonjs
38 verbose headers { 'content-type': 'application/json',
38 verbose headers   'cache-control': 'max-age=0',
38 verbose headers   'content-length': '2',
38 verbose headers   'accept-ranges': 'bytes',
38 verbose headers   date: 'Sun, 29 Nov 2015 23:21:29 GMT',
38 verbose headers   via: '1.1 varnish',
38 verbose headers   connection: 'keep-alive',
38 verbose headers   'x-served-by': 'cache-syd1623-SYD',
38 verbose headers   'x-cache': 'MISS',
38 verbose headers   'x-cache-hits': '0',
38 verbose headers   'x-timer': 'S1448839289.752270,VS0,VE187' }
39 silly get cb [ 404,
39 silly get   { 'content-type': 'application/json',
39 silly get     'cache-control': 'max-age=0',
39 silly get     'content-length': '2',
39 silly get     'accept-ranges': 'bytes',
39 silly get     date: 'Sun, 29 Nov 2015 23:21:29 GMT',
39 silly get     via: '1.1 varnish',
39 silly get     connection: 'keep-alive',
39 silly get     'x-served-by': 'cache-syd1623-SYD',
39 silly get     'x-cache': 'MISS',
39 silly get     'x-cache-hits': '0',
39 silly get     'x-timer': 'S1448839289.752270,VS0,VE187' } ]
40 verbose stack Error: Registry returned 404 for GET on https://registry.npmjs.org/transform-es2015-modules-commonjs
40 verbose stack     at makeError (/Users/michael/.nvm/versions/node/v0.12.7/lib/node_modules/npm/node_modules/npm-registry-client/lib/request.js:263:12)
40 verbose stack     at CachingRegistryClient.<anonymous> (/Users/michael/.nvm/versions/node/v0.12.7/lib/node_modules/npm/node_modules/npm-registry-client/lib/request.js:241:14)
40 verbose stack     at Request._callback (/Users/michael/.nvm/versions/node/v0.12.7/lib/node_modules/npm/node_modules/npm-registry-client/lib/request.js:171:14)
40 verbose stack     at Request.self.callback (/Users/michael/.nvm/versions/node/v0.12.7/lib/node_modules/npm/node_modules/request/request.js:198:22)
40 verbose stack     at Request.emit (events.js:110:17)
40 verbose stack     at Request.<anonymous> (/Users/michael/.nvm/versions/node/v0.12.7/lib/node_modules/npm/node_modules/request/request.js:1073:14)
40 verbose stack     at Request.emit (events.js:129:20)
40 verbose stack     at IncomingMessage.<anonymous> (/Users/michael/.nvm/versions/node/v0.12.7/lib/node_modules/npm/node_modules/request/request.js:1019:12)
40 verbose stack     at IncomingMessage.emit (events.js:129:20)
40 verbose stack     at _stream_readable.js:908:16
41 verbose statusCode 404
42 verbose pkgid transform-es2015-modules-commonjs
43 verbose cwd /Users/michael/Projects/fullySick
44 error Darwin 15.0.0
45 error argv "node" "/Users/michael/.nvm/versions/node/v0.12.7/bin/npm" "install" "--save-dev" "transform-es2015-modules-commonjs"
46 error node v0.12.7
47 error npm  v2.14.2
48 error code E404
49 error 404 Registry returned 404 for GET on https://registry.npmjs.org/transform-es2015-modules-commonjs
49 error 404
49 error 404 'transform-es2015-modules-commonjs' is not in the npm registry.
49 error 404 You should bug the author to publish it (or use the name yourself!)
49 error 404 It was specified as a dependency of 'opentok-ui'
49 error 404
49 error 404 Note that you can also install from a
49 error 404 tarball, folder, http url, or git url.
50 verbose exit [ 1, true ]
